[0.167s] DEBUG:colcon:Command line arguments: ['/usr/bin/colcon', 'build', '--symlink-install']
[0.167s] DEBUG:colcon:Parsed command line arguments: Namespace(log_base=None, log_level=None, verb_name='build', build_base='build', install_base='install', merge_install=False, symlink_install=True, test_result_base=None, continue_on_error=False, executor='sequential', event_handlers=None, base_paths=['.'], paths=None, cmake_args=None, cmake_target=None, cmake_target_skip_unavailable=False, cmake_clean_cache=False, cmake_clean_first=False, cmake_force_configure=False, ament_cmake_args=None, catkin_cmake_args=None, catkin_skip_building_tests=False, verb_parser=CustomArgumentParser(prog='colcon build', usage=None, description='Build a set of packages.', formatter_class=<class 'colcon_core.command.CustomFormatter'>, conflict_handler='error', add_help=True), verb_extension=<colcon_core.verb.build.BuildVerb object at 0x7bab2dde45b0>, main=<bound method BuildVerb.main of <colcon_core.verb.build.BuildVerb object at 0x7bab2dde45b0>>)
[0.229s] Level 1:colcon.colcon_core.package_discovery:discover_packages(recursive) check parameters
[0.229s] Level 1:colcon.colcon_core.package_discovery:discover_packages(path) check parameters
[0.229s] Level 1:colcon.colcon_core.package_discovery:discover_packages(recursive) discover
[0.229s] INFO:colcon.colcon_core.package_discovery:Crawling recursively for packages in '/acct/halind/Documents/csce274/proj2a/workspace'
[0.230s] Level 1:colcon.colcon_core.package_identification:_identify(.) by extensions ['ignore', 'ignore_ament_install']
[0.230s] Level 1:colcon.colcon_core.package_identification:_identify(.) by extension 'ignore'
[0.230s] Level 1:colcon.colcon_core.package_identification:_identify(.) by extension 'ignore_ament_install'
[0.230s] Level 1:colcon.colcon_core.package_identification:_identify(.) by extensions ['ros']
[0.230s] Level 1:colcon.colcon_core.package_identification:_identify(.) by extension 'ros'
[0.258s] Level 1:colcon.colcon_core.package_identification:_identify(.) by extensions ['cmake', 'python']
[0.258s] Level 1:colcon.colcon_core.package_identification:_identify(.) by extension 'cmake'
[0.259s] Level 1:colcon.colcon_core.package_identification:_identify(.) by extension 'python'
[0.259s] Level 1:colcon.colcon_core.package_identification:_identify(.) by extensions ['python_setup_py']
[0.259s] Level 1:colcon.colcon_core.package_identification:_identify(.) by extension 'python_setup_py'
[0.265s] Level 1:colcon.colcon_core.package_identification:_identify(build) by extensions ['ignore', 'ignore_ament_install']
[0.265s] Level 1:colcon.colcon_core.package_identification:_identify(build) by extension 'ignore'
[0.265s] Level 1:colcon.colcon_core.package_identification:_identify(build) ignored
[0.266s] Level 1:colcon.colcon_core.package_identification:_identify(install) by extensions ['ignore', 'ignore_ament_install']
[0.266s] Level 1:colcon.colcon_core.package_identification:_identify(install) by extension 'ignore'
[0.266s] Level 1:colcon.colcon_core.package_identification:_identify(install) ignored
[0.268s] Level 1:colcon.colcon_core.package_identification:_identify(log) by extensions ['ignore', 'ignore_ament_install']
[0.268s] Level 1:colcon.colcon_core.package_identification:_identify(log) by extension 'ignore'
[0.268s] Level 1:colcon.colcon_core.package_identification:_identify(log) ignored
[0.269s] Level 1:colcon.colcon_core.package_identification:_identify(src) by extensions ['ignore', 'ignore_ament_install']
[0.269s] Level 1:colcon.colcon_core.package_identification:_identify(src) by extension 'ignore'
[0.269s] Level 1:colcon.colcon_core.package_identification:_identify(src) by extension 'ignore_ament_install'
[0.269s] Level 1:colcon.colcon_core.package_identification:_identify(src) by extensions ['ros']
[0.269s] Level 1:colcon.colcon_core.package_identification:_identify(src) by extension 'ros'
[0.269s] Level 1:colcon.colcon_core.package_identification:_identify(src) by extensions ['cmake', 'python']
[0.269s] Level 1:colcon.colcon_core.package_identification:_identify(src) by extension 'cmake'
[0.269s] Level 1:colcon.colcon_core.package_identification:_identify(src) by extension 'python'
[0.269s] Level 1:colcon.colcon_core.package_identification:_identify(src) by extensions ['python_setup_py']
[0.269s] Level 1:colcon.colcon_core.package_identification:_identify(src) by extension 'python_setup_py'
[0.270s] Level 1:colcon.colcon_core.package_identification:_identify(src/boustrophedon) by extensions ['ignore', 'ignore_ament_install']
[0.270s] Level 1:colcon.colcon_core.package_identification:_identify(src/boustrophedon) by extension 'ignore'
[0.270s] Level 1:colcon.colcon_core.package_identification:_identify(src/boustrophedon) by extension 'ignore_ament_install'
[0.270s] Level 1:colcon.colcon_core.package_identification:_identify(src/boustrophedon) by extensions ['ros']
[0.270s] Level 1:colcon.colcon_core.package_identification:_identify(src/boustrophedon) by extension 'ros'
[0.275s] DEBUG:colcon.colcon_core.package_identification:Package 'src/boustrophedon' with type 'ros.ament_python' and name 'boustrophedon'
[0.275s] Level 1:colcon.colcon_core.package_identification:_identify(src/build) by extensions ['ignore', 'ignore_ament_install']
[0.276s] Level 1:colcon.colcon_core.package_identification:_identify(src/build) by extension 'ignore'
[0.276s] Level 1:colcon.colcon_core.package_identification:_identify(src/build) ignored
[0.276s] Level 1:colcon.colcon_core.package_identification:_identify(src/install) by extensions ['ignore', 'ignore_ament_install']
[0.277s] Level 1:colcon.colcon_core.package_identification:_identify(src/install) by extension 'ignore'
[0.277s] Level 1:colcon.colcon_core.package_identification:_identify(src/install) ignored
[0.279s] Level 1:colcon.colcon_core.package_identification:_identify(src/log) by extensions ['ignore', 'ignore_ament_install']
[0.279s] Level 1:colcon.colcon_core.package_identification:_identify(src/log) by extension 'ignore'
[0.280s] Level 1:colcon.colcon_core.package_identification:_identify(src/log) ignored
[0.280s] Level 1:colcon.colcon_core.package_discovery:discover_packages(recursive) using defaults
[0.280s] Level 1:colcon.colcon_core.package_discovery:discover_packages(path) discover
[0.280s] Level 1:colcon.colcon_core.package_discovery:discover_packages(path) using defaults
[0.321s] Level 5:colcon.colcon_core.verb:set package 'boustrophedon' build argument 'cmake_args' from command line to 'None'
[0.321s] Level 5:colcon.colcon_core.verb:set package 'boustrophedon' build argument 'cmake_target' from command line to 'None'
[0.321s] Level 5:colcon.colcon_core.verb:set package 'boustrophedon' build argument 'cmake_target_skip_unavailable' from command line to 'False'
[0.321s] Level 5:colcon.colcon_core.verb:set package 'boustrophedon' build argument 'cmake_clean_cache' from command line to 'False'
[0.321s] Level 5:colcon.colcon_core.verb:set package 'boustrophedon' build argument 'cmake_clean_first' from command line to 'False'
[0.321s] Level 5:colcon.colcon_core.verb:set package 'boustrophedon' build argument 'cmake_force_configure' from command line to 'False'
[0.321s] Level 5:colcon.colcon_core.verb:set package 'boustrophedon' build argument 'ament_cmake_args' from command line to 'None'
[0.321s] Level 5:colcon.colcon_core.verb:set package 'boustrophedon' build argument 'catkin_cmake_args' from command line to 'None'
[0.321s] Level 5:colcon.colcon_core.verb:set package 'boustrophedon' build argument 'catkin_skip_building_tests' from command line to 'False'
[0.321s] DEBUG:colcon.colcon_core.verb:Building package 'boustrophedon' with the following arguments: {'ament_cmake_args': None, 'build_base': '/acct/halind/Documents/csce274/proj2a/workspace/build/boustrophedon', 'catkin_cmake_args': None, 'catkin_skip_building_tests': False, 'cmake_args': None, 'cmake_clean_cache': False, 'cmake_clean_first': False, 'cmake_force_configure': False, 'cmake_target': None, 'cmake_target_skip_unavailable': False, 'install_base': '/acct/halind/Documents/csce274/proj2a/workspace/install/boustrophedon', 'merge_install': False, 'path': '/acct/halind/Documents/csce274/proj2a/workspace/src/boustrophedon', 'symlink_install': True, 'test_result_base': None}
[0.321s] INFO:colcon.colcon_core.executor:Executing jobs using 'sequential' executor
[0.326s] DEBUG:colcon.colcon_core.executor.sequential:run_until_complete 'boustrophedon'
[0.327s] INFO:colcon.colcon_ros.task.ament_python.build:Building ROS package in '/acct/halind/Documents/csce274/proj2a/workspace/src/boustrophedon' with build type 'ament_python'
[0.327s] Level 1:colcon.colcon_core.shell:create_environment_hook('boustrophedon', 'ament_prefix_path')
[0.328s] INFO:colcon.colcon_core.plugin_system:Skipping extension 'colcon_core.shell.bat': Not used on non-Windows systems
[0.328s] INFO:colcon.colcon_core.shell:Creating environment descriptor '/acct/halind/Documents/csce274/proj2a/workspace/install/boustrophedon/share/boustrophedon/hook/ament_prefix_path.dsv'
[0.334s] INFO:colcon.colcon_core.shell:Creating environment hook '/acct/halind/Documents/csce274/proj2a/workspace/install/boustrophedon/share/boustrophedon/hook/ament_prefix_path.sh'
[0.338s] DEBUG:colcon.colcon_core.shell:Skip shell extension 'dsv' for command environment
[0.782s] INFO:colcon.colcon_core.task.python.build:Building Python package in '/acct/halind/Documents/csce274/proj2a/workspace/src/boustrophedon'
[0.783s] DEBUG:colcon.colcon_core.shell:Skip shell extension 'dsv' for command environment
[2.048s] DEBUG:colcon.colcon_core.event_handler.log_command:Invoking command in '/acct/halind/Documents/csce274/proj2a/workspace/build/boustrophedon': HISTTIMEFORMAT=%F %T: PYTHONPATH=/acct/halind/Documents/csce274/proj2a/workspace/build/boustrophedon/prefix_override:/usr/lib/python3/dist-packages/colcon_core/task/python/colcon_distutils_commands:/acct/halind/Documents/csce274/proj2a/workspace/install/boustrophedon/lib/python3.10/site-packages:${PYTHONPATH} /usr/bin/python3 -W ignore:setup.py install is deprecated -W ignore:easy_install command is deprecated setup.py develop --editable --build-directory /acct/halind/Documents/csce274/proj2a/workspace/build/boustrophedon/build --no-deps symlink_data
[3.561s] Level 1:colcon.colcon_core.shell:create_environment_hook('boustrophedon', 'pythonpath_develop')
[3.562s] INFO:colcon.colcon_core.shell:Creating environment descriptor '/acct/halind/Documents/csce274/proj2a/workspace/build/boustrophedon/share/boustrophedon/hook/pythonpath_develop.dsv'
[3.562s] DEBUG:colcon.colcon_core.event_handler.log_command:Invoked command in '/acct/halind/Documents/csce274/proj2a/workspace/build/boustrophedon' returned '0': HISTTIMEFORMAT=%F %T: PYTHONPATH=/acct/halind/Documents/csce274/proj2a/workspace/build/boustrophedon/prefix_override:/usr/lib/python3/dist-packages/colcon_core/task/python/colcon_distutils_commands:/acct/halind/Documents/csce274/proj2a/workspace/install/boustrophedon/lib/python3.10/site-packages:${PYTHONPATH} /usr/bin/python3 -W ignore:setup.py install is deprecated -W ignore:easy_install command is deprecated setup.py develop --editable --build-directory /acct/halind/Documents/csce274/proj2a/workspace/build/boustrophedon/build --no-deps symlink_data
[3.567s] INFO:colcon.colcon_core.shell:Creating environment hook '/acct/halind/Documents/csce274/proj2a/workspace/build/boustrophedon/share/boustrophedon/hook/pythonpath_develop.sh'
[3.576s] Level 1:colcon.colcon_core.environment:checking '/acct/halind/Documents/csce274/proj2a/workspace/install/boustrophedon' for CMake module files
[3.582s] Level 1:colcon.colcon_core.environment:checking '/acct/halind/Documents/csce274/proj2a/workspace/install/boustrophedon' for CMake config files
[3.589s] Level 1:colcon.colcon_core.environment:checking '/acct/halind/Documents/csce274/proj2a/workspace/install/boustrophedon/lib'
[3.590s] Level 1:colcon.colcon_core.environment:checking '/acct/halind/Documents/csce274/proj2a/workspace/install/boustrophedon/bin'
[3.590s] Level 1:colcon.colcon_core.environment:checking '/acct/halind/Documents/csce274/proj2a/workspace/install/boustrophedon/lib/pkgconfig/boustrophedon.pc'
[3.590s] Level 1:colcon.colcon_core.environment:checking '/acct/halind/Documents/csce274/proj2a/workspace/install/boustrophedon/lib/python3.10/site-packages'
[3.590s] Level 1:colcon.colcon_core.shell:create_environment_hook('boustrophedon', 'pythonpath')
[3.590s] INFO:colcon.colcon_core.shell:Creating environment descriptor '/acct/halind/Documents/csce274/proj2a/workspace/install/boustrophedon/share/boustrophedon/hook/pythonpath.dsv'
[3.594s] INFO:colcon.colcon_core.shell:Creating environment hook '/acct/halind/Documents/csce274/proj2a/workspace/install/boustrophedon/share/boustrophedon/hook/pythonpath.sh'
[3.599s] Level 1:colcon.colcon_core.environment:checking '/acct/halind/Documents/csce274/proj2a/workspace/install/boustrophedon/bin'
[3.600s] Level 1:colcon.colcon_core.environment:create_environment_scripts_only(boustrophedon)
[3.600s] INFO:colcon.colcon_core.shell:Creating package descriptor '/acct/halind/Documents/csce274/proj2a/workspace/install/boustrophedon/share/boustrophedon/package.dsv'
[3.604s] INFO:colcon.colcon_core.shell:Creating package script '/acct/halind/Documents/csce274/proj2a/workspace/install/boustrophedon/share/boustrophedon/package.sh'
[3.612s] Level 1:colcon.colcon_core.environment:create_file_with_runtime_dependencies(/acct/halind/Documents/csce274/proj2a/workspace/install/boustrophedon/share/colcon-core/packages/boustrophedon)
[3.613s] DEBUG:colcon.colcon_core.executor.sequential:run_until_complete 'boustrophedon' finished with '0'
[3.613s] DEBUG:colcon.colcon_core.executor.sequential:closing loop
[3.613s] DEBUG:colcon.colcon_core.executor.sequential:loop closed
[3.613s] DEBUG:colcon.colcon_core.event_reactor:joining thread
[3.613s] DEBUG:colcon.colcon_core.event_reactor:joined thread
[3.614s] INFO:colcon.colcon_core.shell:Creating prefix script '/acct/halind/Documents/csce274/proj2a/workspace/install/local_setup.sh'
[3.620s] INFO:colcon.colcon_core.shell:Creating prefix util module '/acct/halind/Documents/csce274/proj2a/workspace/install/_local_setup_util_sh.py'
[3.630s] INFO:colcon.colcon_core.shell:Creating prefix chain script '/acct/halind/Documents/csce274/proj2a/workspace/install/setup.sh'
