[0.057s] DEBUG:colcon:Command line arguments: ['/usr/bin/colcon', 'build', '--symlink-install']
[0.057s] DEBUG:colcon:Parsed command line arguments: Namespace(log_base=None, log_level=None, verb_name='build', build_base='build', install_base='install', merge_install=False, symlink_install=True, test_result_base=None, continue_on_error=False, executor='sequential', event_handlers=None, base_paths=['.'], paths=None, cmake_args=None, cmake_target=None, cmake_target_skip_unavailable=False, cmake_clean_cache=False, cmake_clean_first=False, cmake_force_configure=False, ament_cmake_args=None, catkin_cmake_args=None, catkin_skip_building_tests=False, verb_parser=CustomArgumentParser(prog='colcon build', usage=None, description='Build a set of packages.', formatter_class=<class 'colcon_core.command.CustomFormatter'>, conflict_handler='error', add_help=True), verb_extension=<colcon_core.verb.build.BuildVerb object at 0x7be4f498b280>, main=<bound method BuildVerb.main of <colcon_core.verb.build.BuildVerb object at 0x7be4f498b280>>)
[0.077s] Level 1:colcon.colcon_core.package_discovery:discover_packages(recursive) check parameters
[0.077s] Level 1:colcon.colcon_core.package_discovery:discover_packages(path) check parameters
[0.077s] Level 1:colcon.colcon_core.package_discovery:discover_packages(recursive) discover
[0.077s] INFO:colcon.colcon_core.package_discovery:Crawling recursively for packages in '/acct/halind/csce274/proj1a/workspace'
[0.078s] Level 1:colcon.colcon_core.package_identification:_identify(.) by extensions ['ignore', 'ignore_ament_install']
[0.078s] Level 1:colcon.colcon_core.package_identification:_identify(.) by extension 'ignore'
[0.078s] Level 1:colcon.colcon_core.package_identification:_identify(.) by extension 'ignore_ament_install'
[0.078s] Level 1:colcon.colcon_core.package_identification:_identify(.) by extensions ['ros']
[0.078s] Level 1:colcon.colcon_core.package_identification:_identify(.) by extension 'ros'
[0.085s] Level 1:colcon.colcon_core.package_identification:_identify(.) by extensions ['cmake', 'python']
[0.085s] Level 1:colcon.colcon_core.package_identification:_identify(.) by extension 'cmake'
[0.085s] Level 1:colcon.colcon_core.package_identification:_identify(.) by extension 'python'
[0.085s] Level 1:colcon.colcon_core.package_identification:_identify(.) by extensions ['python_setup_py']
[0.085s] Level 1:colcon.colcon_core.package_identification:_identify(.) by extension 'python_setup_py'
[0.087s] Level 1:colcon.colcon_core.package_identification:_identify(build) by extensions ['ignore', 'ignore_ament_install']
[0.087s] Level 1:colcon.colcon_core.package_identification:_identify(build) by extension 'ignore'
[0.087s] Level 1:colcon.colcon_core.package_identification:_identify(build) ignored
[0.087s] Level 1:colcon.colcon_core.package_identification:_identify(install) by extensions ['ignore', 'ignore_ament_install']
[0.087s] Level 1:colcon.colcon_core.package_identification:_identify(install) by extension 'ignore'
[0.087s] Level 1:colcon.colcon_core.package_identification:_identify(install) ignored
[0.088s] Level 1:colcon.colcon_core.package_identification:_identify(log) by extensions ['ignore', 'ignore_ament_install']
[0.088s] Level 1:colcon.colcon_core.package_identification:_identify(log) by extension 'ignore'
[0.088s] Level 1:colcon.colcon_core.package_identification:_identify(log) ignored
[0.089s] Level 1:colcon.colcon_core.package_identification:_identify(src) by extensions ['ignore', 'ignore_ament_install']
[0.089s] Level 1:colcon.colcon_core.package_identification:_identify(src) by extension 'ignore'
[0.089s] Level 1:colcon.colcon_core.package_identification:_identify(src) by extension 'ignore_ament_install'
[0.089s] Level 1:colcon.colcon_core.package_identification:_identify(src) by extensions ['ros']
[0.089s] Level 1:colcon.colcon_core.package_identification:_identify(src) by extension 'ros'
[0.089s] Level 1:colcon.colcon_core.package_identification:_identify(src) by extensions ['cmake', 'python']
[0.089s] Level 1:colcon.colcon_core.package_identification:_identify(src) by extension 'cmake'
[0.089s] Level 1:colcon.colcon_core.package_identification:_identify(src) by extension 'python'
[0.089s] Level 1:colcon.colcon_core.package_identification:_identify(src) by extensions ['python_setup_py']
[0.089s] Level 1:colcon.colcon_core.package_identification:_identify(src) by extension 'python_setup_py'
[0.089s] Level 1:colcon.colcon_core.package_identification:_identify(src/drive_spiral) by extensions ['ignore', 'ignore_ament_install']
[0.089s] Level 1:colcon.colcon_core.package_identification:_identify(src/drive_spiral) by extension 'ignore'
[0.089s] Level 1:colcon.colcon_core.package_identification:_identify(src/drive_spiral) by extension 'ignore_ament_install'
[0.089s] Level 1:colcon.colcon_core.package_identification:_identify(src/drive_spiral) by extensions ['ros']
[0.089s] Level 1:colcon.colcon_core.package_identification:_identify(src/drive_spiral) by extension 'ros'
[0.091s] DEBUG:colcon.colcon_core.package_identification:Package 'src/drive_spiral' with type 'ros.ament_python' and name 'drive_spiral'
[0.091s] Level 1:colcon.colcon_core.package_discovery:discover_packages(recursive) using defaults
[0.091s] Level 1:colcon.colcon_core.package_discovery:discover_packages(path) discover
[0.091s] Level 1:colcon.colcon_core.package_discovery:discover_packages(path) using defaults
[0.104s] Level 5:colcon.colcon_core.verb:set package 'drive_spiral' build argument 'cmake_args' from command line to 'None'
[0.104s] Level 5:colcon.colcon_core.verb:set package 'drive_spiral' build argument 'cmake_target' from command line to 'None'
[0.104s] Level 5:colcon.colcon_core.verb:set package 'drive_spiral' build argument 'cmake_target_skip_unavailable' from command line to 'False'
[0.104s] Level 5:colcon.colcon_core.verb:set package 'drive_spiral' build argument 'cmake_clean_cache' from command line to 'False'
[0.104s] Level 5:colcon.colcon_core.verb:set package 'drive_spiral' build argument 'cmake_clean_first' from command line to 'False'
[0.104s] Level 5:colcon.colcon_core.verb:set package 'drive_spiral' build argument 'cmake_force_configure' from command line to 'False'
[0.104s] Level 5:colcon.colcon_core.verb:set package 'drive_spiral' build argument 'ament_cmake_args' from command line to 'None'
[0.104s] Level 5:colcon.colcon_core.verb:set package 'drive_spiral' build argument 'catkin_cmake_args' from command line to 'None'
[0.104s] Level 5:colcon.colcon_core.verb:set package 'drive_spiral' build argument 'catkin_skip_building_tests' from command line to 'False'
[0.104s] DEBUG:colcon.colcon_core.verb:Building package 'drive_spiral' with the following arguments: {'ament_cmake_args': None, 'build_base': '/acct/halind/csce274/proj1a/workspace/build/drive_spiral', 'catkin_cmake_args': None, 'catkin_skip_building_tests': False, 'cmake_args': None, 'cmake_clean_cache': False, 'cmake_clean_first': False, 'cmake_force_configure': False, 'cmake_target': None, 'cmake_target_skip_unavailable': False, 'install_base': '/acct/halind/csce274/proj1a/workspace/install/drive_spiral', 'merge_install': False, 'path': '/acct/halind/csce274/proj1a/workspace/src/drive_spiral', 'symlink_install': True, 'test_result_base': None}
[0.104s] INFO:colcon.colcon_core.executor:Executing jobs using 'sequential' executor
[0.104s] DEBUG:colcon.colcon_core.executor.sequential:run_until_complete 'drive_spiral'
[0.104s] INFO:colcon.colcon_ros.task.ament_python.build:Building ROS package in '/acct/halind/csce274/proj1a/workspace/src/drive_spiral' with build type 'ament_python'
[0.104s] Level 1:colcon.colcon_core.shell:create_environment_hook('drive_spiral', 'ament_prefix_path')
[0.105s] INFO:colcon.colcon_core.plugin_system:Skipping extension 'colcon_core.shell.bat': Not used on non-Windows systems
[0.105s] INFO:colcon.colcon_core.shell:Creating environment descriptor '/acct/halind/csce274/proj1a/workspace/install/drive_spiral/share/drive_spiral/hook/ament_prefix_path.dsv'
[0.108s] INFO:colcon.colcon_core.shell:Creating environment hook '/acct/halind/csce274/proj1a/workspace/install/drive_spiral/share/drive_spiral/hook/ament_prefix_path.sh'
[0.111s] DEBUG:colcon.colcon_core.shell:Skip shell extension 'dsv' for command environment
[0.253s] INFO:colcon.colcon_core.task.python.build:Building Python package in '/acct/halind/csce274/proj1a/workspace/src/drive_spiral'
[0.253s] DEBUG:colcon.colcon_core.shell:Skip shell extension 'dsv' for command environment
[0.609s] DEBUG:colcon.colcon_core.event_handler.log_command:Invoking command in '/acct/halind/csce274/proj1a/workspace/build/drive_spiral': HISTTIMEFORMAT=%F %T: PYTHONPATH=/acct/halind/csce274/proj1a/workspace/build/drive_spiral/prefix_override:/usr/lib/python3/dist-packages/colcon_core/task/python/colcon_distutils_commands:/acct/halind/csce274/proj1a/workspace/install/drive_spiral/lib/python3.10/site-packages:${PYTHONPATH} /usr/bin/python3 -W ignore:setup.py install is deprecated -W ignore:easy_install command is deprecated setup.py develop --editable --build-directory /acct/halind/csce274/proj1a/workspace/build/drive_spiral/build --no-deps symlink_data
[1.025s] Level 1:colcon.colcon_core.shell:create_environment_hook('drive_spiral', 'pythonpath_develop')
[1.025s] DEBUG:colcon.colcon_core.event_handler.log_command:Invoked command in '/acct/halind/csce274/proj1a/workspace/build/drive_spiral' returned '0': HISTTIMEFORMAT=%F %T: PYTHONPATH=/acct/halind/csce274/proj1a/workspace/build/drive_spiral/prefix_override:/usr/lib/python3/dist-packages/colcon_core/task/python/colcon_distutils_commands:/acct/halind/csce274/proj1a/workspace/install/drive_spiral/lib/python3.10/site-packages:${PYTHONPATH} /usr/bin/python3 -W ignore:setup.py install is deprecated -W ignore:easy_install command is deprecated setup.py develop --editable --build-directory /acct/halind/csce274/proj1a/workspace/build/drive_spiral/build --no-deps symlink_data
[1.026s] INFO:colcon.colcon_core.shell:Creating environment descriptor '/acct/halind/csce274/proj1a/workspace/build/drive_spiral/share/drive_spiral/hook/pythonpath_develop.dsv'
[1.029s] INFO:colcon.colcon_core.shell:Creating environment hook '/acct/halind/csce274/proj1a/workspace/build/drive_spiral/share/drive_spiral/hook/pythonpath_develop.sh'
[1.033s] Level 1:colcon.colcon_core.environment:checking '/acct/halind/csce274/proj1a/workspace/install/drive_spiral' for CMake module files
[1.035s] Level 1:colcon.colcon_core.environment:checking '/acct/halind/csce274/proj1a/workspace/install/drive_spiral' for CMake config files
[1.040s] Level 1:colcon.colcon_core.environment:checking '/acct/halind/csce274/proj1a/workspace/install/drive_spiral/lib'
[1.041s] Level 1:colcon.colcon_core.environment:checking '/acct/halind/csce274/proj1a/workspace/install/drive_spiral/bin'
[1.041s] Level 1:colcon.colcon_core.environment:checking '/acct/halind/csce274/proj1a/workspace/install/drive_spiral/lib/pkgconfig/drive_spiral.pc'
[1.041s] Level 1:colcon.colcon_core.environment:checking '/acct/halind/csce274/proj1a/workspace/install/drive_spiral/lib/python3.10/site-packages'
[1.041s] Level 1:colcon.colcon_core.shell:create_environment_hook('drive_spiral', 'pythonpath')
[1.041s] INFO:colcon.colcon_core.shell:Creating environment descriptor '/acct/halind/csce274/proj1a/workspace/install/drive_spiral/share/drive_spiral/hook/pythonpath.dsv'
[1.044s] INFO:colcon.colcon_core.shell:Creating environment hook '/acct/halind/csce274/proj1a/workspace/install/drive_spiral/share/drive_spiral/hook/pythonpath.sh'
[1.047s] Level 1:colcon.colcon_core.environment:checking '/acct/halind/csce274/proj1a/workspace/install/drive_spiral/bin'
[1.047s] Level 1:colcon.colcon_core.environment:create_environment_scripts_only(drive_spiral)
[1.047s] INFO:colcon.colcon_core.shell:Creating package descriptor '/acct/halind/csce274/proj1a/workspace/install/drive_spiral/share/drive_spiral/package.dsv'
[1.050s] INFO:colcon.colcon_core.shell:Creating package script '/acct/halind/csce274/proj1a/workspace/install/drive_spiral/share/drive_spiral/package.sh'
[1.054s] Level 1:colcon.colcon_core.environment:create_file_with_runtime_dependencies(/acct/halind/csce274/proj1a/workspace/install/drive_spiral/share/colcon-core/packages/drive_spiral)
[1.057s] DEBUG:colcon.colcon_core.executor.sequential:run_until_complete 'drive_spiral' finished with '0'
[1.057s] DEBUG:colcon.colcon_core.executor.sequential:closing loop
[1.057s] DEBUG:colcon.colcon_core.executor.sequential:loop closed
[1.057s] DEBUG:colcon.colcon_core.event_reactor:joining thread
[1.057s] DEBUG:colcon.colcon_core.event_reactor:joined thread
[1.058s] INFO:colcon.colcon_core.shell:Creating prefix script '/acct/halind/csce274/proj1a/workspace/install/local_setup.sh'
[1.061s] INFO:colcon.colcon_core.shell:Creating prefix util module '/acct/halind/csce274/proj1a/workspace/install/_local_setup_util_sh.py'
[1.066s] INFO:colcon.colcon_core.shell:Creating prefix chain script '/acct/halind/csce274/proj1a/workspace/install/setup.sh'
